Started GET "/" for 127.0.0.1 at 2020-10-26 10:26:52 +0100
Processing by Rails::WelcomeController#index as HTML
  Rendering /Users/nico/.asdf/installs/ruby/2.7.1/lib/ruby/gems/2.7.0/gems/railties-6.0.3.4/lib/rails/templates/rails/welcome/index.html.erb
  Rendered /Users/nico/.asdf/installs/ruby/2.7.1/lib/ruby/gems/2.7.0/gems/railties-6.0.3.4/lib/rails/templates/rails/welcome/index.html.erb (Duration: 20.5ms | Allocations: 409)
Completed 200 OK in 38ms (Views: 27.4ms | ActiveRecord: 0.0ms | Allocations: 2388)


Started GET "/" for 127.0.0.1 at 2020-10-26 10:36:59 +0100
Processing by Rails::WelcomeController#index as HTML
  Rendering /Users/nico/.asdf/installs/ruby/2.7.1/lib/ruby/gems/2.7.0/gems/railties-6.0.3.4/lib/rails/templates/rails/welcome/index.html.erb
  Rendered /Users/nico/.asdf/installs/ruby/2.7.1/lib/ruby/gems/2.7.0/gems/railties-6.0.3.4/lib/rails/templates/rails/welcome/index.html.erb (Duration: 8.8ms | Allocations: 295)
Completed 200 OK in 21ms (Views: 14.9ms | ActiveRecord: 0.0ms | Allocations: 1673)


Started GET "/team" for 127.0.0.1 at 2020-10-26 10:37:03 +0100
Processing by TeamController#team as HTML
  Rendering team/team.html.erb within layouts/application
  Rendered team/team.html.erb within layouts/application (Duration: 1.6ms | Allocations: 87)
[Webpacker] Compiling...
[Webpacker] Compiled all packs in /Users/nico/Desktop/the-gossip-project/public/packs
[Webpacker] Hash: 15d1bb7b54cf6326b9ba
Version: webpack 4.44.2
Time: 1398ms
Built at: 26/10/2020 10:37:06
                                     Asset       Size       Chunks                         Chunk Names
    js/application-9afcbb5693aa87623e69.js    124 KiB  application  [emitted] [immutable]  application
js/application-9afcbb5693aa87623e69.js.map    139 KiB  application  [emitted] [dev]        application
                             manifest.json  364 bytes               [emitted]              
Entrypoint application = js/application-9afcbb5693aa87623e69.js js/application-9afcbb5693aa87623e69.js.map
[./app/javascript/channels sync recursive _channel\.js$] ./app/javascript/channels sync _channel\.js$ 160 bytes {application} [built]
[./app/javascript/channels/index.js] 211 bytes {application} [built]
[./app/javascript/packs/application.js] 749 bytes {application} [built]
[./node_modules/webpack/buildin/module.js] (webpack)/buildin/module.js 552 bytes {application} [built]
    + 3 hidden modules

Completed 200 OK in 2705ms (Views: 2702.7ms | ActiveRecord: 0.0ms | Allocations: 17994)


Started GET "/team" for 127.0.0.1 at 2020-10-26 10:37:22 +0100
Processing by TeamController#team as HTML
  Rendering team/team.html.erb within layouts/application
  Rendered team/team.html.erb within layouts/application (Duration: 1.0ms | Allocations: 80)
[Webpacker] Everything's up-to-date. Nothing to do
Completed 200 OK in 12ms (Views: 10.9ms | ActiveRecord: 0.0ms | Allocations: 4798)


Started GET "/team" for 127.0.0.1 at 2020-10-26 10:37:32 +0100
Processing by TeamController#team as HTML
  Rendering team/team.html.erb within layouts/application
  Rendered team/team.html.erb within layouts/application (Duration: 1.2ms | Allocations: 80)
[Webpacker] Everything's up-to-date. Nothing to do
Completed 200 OK in 11ms (Views: 10.2ms | ActiveRecord: 0.0ms | Allocations: 4795)


Started GET "/team" for ::1 at 2020-10-26 10:39:35 +0100
Processing by TeamController#team as HTML
  Rendering team/team.html.erb within layouts/application
  Rendered team/team.html.erb within layouts/application (Duration: 0.7ms | Allocations: 195)
[Webpacker] Everything's up-to-date. Nothing to do
Completed 200 OK in 67ms (Views: 62.5ms | ActiveRecord: 0.0ms | Allocations: 19372)


Started GET "/contact" for ::1 at 2020-10-26 10:39:38 +0100
Processing by ContactController#contact as HTML
  Rendering contact/contact.html.erb within layouts/application
  Rendered contact/contact.html.erb within layouts/application (Duration: 1.0ms | Allocations: 84)
[Webpacker] Everything's up-to-date. Nothing to do
Completed 200 OK in 11ms (Views: 9.8ms | ActiveRecord: 0.0ms | Allocations: 4533)


Started GET "/contact" for ::1 at 2020-10-26 10:43:27 +0100
Processing by ContactController#contact as HTML
  Rendering contact/contact.html.erb within layouts/application
  Rendered contact/contact.html.erb within layouts/application (Duration: 0.3ms | Allocations: 77)
[Webpacker] Everything's up-to-date. Nothing to do
Completed 200 OK in 12ms (Views: 11.2ms | ActiveRecord: 0.0ms | Allocations: 4862)


Started GET "/team" for ::1 at 2020-10-26 10:43:30 +0100
Processing by TeamController#team as HTML
  Rendering team/team.html.erb within layouts/application
  Rendered team/team.html.erb within layouts/application (Duration: 1.0ms | Allocations: 114)
[Webpacker] Everything's up-to-date. Nothing to do
Completed 200 OK in 10ms (Views: 9.4ms | ActiveRecord: 0.0ms | Allocations: 4552)


Started GET "/team" for 127.0.0.1 at 2020-10-26 10:45:23 +0100
Processing by TeamController#team as HTML
  Rendering team/team.html.erb within layouts/application
  Rendered team/team.html.erb within layouts/application (Duration: 0.8ms | Allocations: 79)
[Webpacker] Everything's up-to-date. Nothing to do
Completed 200 OK in 10ms (Views: 8.9ms | ActiveRecord: 0.0ms | Allocations: 4865)


Started GET "/team" for 127.0.0.1 at 2020-10-26 10:46:32 +0100
Processing by TeamController#team as HTML
  Rendering team/team.html.erb within layouts/application
  Rendered team/team.html.erb within layouts/application (Duration: 1.2ms | Allocations: 104)
[Webpacker] Everything's up-to-date. Nothing to do
Completed 200 OK in 11ms (Views: 9.9ms | ActiveRecord: 0.0ms | Allocations: 4881)


Started GET "/team" for 127.0.0.1 at 2020-10-26 10:46:49 +0100
Processing by TeamController#team as HTML
  Rendering team/team.html.erb within layouts/application
  Rendered team/team.html.erb within layouts/application (Duration: 1.0ms | Allocations: 119)
[Webpacker] Everything's up-to-date. Nothing to do
Completed 200 OK in 10ms (Views: 9.5ms | ActiveRecord: 0.0ms | Allocations: 4904)


Started GET "/dist/js/bootstrap.min.js" for 127.0.0.1 at 2020-10-26 10:46:49 +0100
  
ActionController::RoutingError (No route matches [GET] "/assets/js/vendor/popper.min.js"):
  
actionpack (6.0.3.4) lib/action_dispatch/middleware/debug_exceptions.rb:36:in `call'
web-console (4.0.4) lib/web_console/middleware.rb:132:in `call_app'
web-console (4.0.4) lib/web_console/middleware.rb:28:in `block in call'
web-console (4.0.4) lib/web_console/middleware.rb:17:in `catch'
web-console (4.0.4) lib/web_console/middleware.rb:17:in `call'
actionpack (6.0.3.4) lib/action_dispatch/middleware/show_exceptions.rb:33:in `call'
railties (6.0.3.4) lib/rails/rack/logger.rb:37:in `call_app'
railties (6.0.3.4) lib/rails/rack/logger.rb:26:in `block in call'
activesupport (6.0.3.4) lib/active_support/tagged_logging.rb:80:in `block in tagged'
activesupport (6.0.3.4) lib/active_support/tagged_logging.rb:28:in `tagged'
activesupport (6.0.3.4) lib/active_support/tagged_logging.rb:80:in `tagged'
railties (6.0.3.4) lib/rails/rack/logger.rb:26:in `call'
sprockets-rails (3.2.2) lib/sprockets/rails/quiet_assets.rb:11:in `block in call'
activesupport (6.0.3.4) lib/active_support/logger_silence.rb:36:in `silence'
activesupport (6.0.3.4) lib/active_support/logger.rb:64:in `block (3 levels) in broadcast'
activesupport (6.0.3.4) lib/active_support/logger_silence.rb:36:in `silence'
activesupport (6.0.3.4) lib/active_support/logger.rb:62:in `block (2 levels) in broadcast'
sprockets-rails (3.2.2) lib/sprockets/rails/quiet_assets.rb:11:in `call'
actionpack (6.0.3.4) lib/action_dispatch/middleware/remote_ip.rb:81:in `call'
actionpack (6.0.3.4) lib/action_dispatch/middleware/request_id.rb:27:in `call'
rack (2.2.3) lib/rack/method_override.rb:24:in `call'
rack (2.2.3) lib/rack/runtime.rb:22:in `call'
activesupport (6.0.3.4) lib/active_support/cache/strategy/local_cache_middleware.rb:29:in `call'
actionpack (6.0.3.4) lib/action_dispatch/middleware/executor.rb:14:in `call'
actionpack (6.0.3.4) lib/action_dispatch/middleware/static.rb:126:in `call'
rack (2.2.3) lib/rack/sendfile.rb:110:in `call'
actionpack (6.0.3.4) lib/action_dispatch/middleware/host_authorization.rb:82:in `call'
webpacker (4.3.0) lib/webpacker/dev_server_proxy.rb:23:in `perform_request'
rack-proxy (0.6.5) lib/rack/proxy.rb:57:in `call'
railties (6.0.3.4) lib/rails/engine.rb:527:in `call'
puma (4.3.6) lib/puma/configuration.rb:228:in `call'
puma (4.3.6) lib/puma/server.rb:713:in `handle_request'
puma (4.3.6) lib/puma/server.rb:472:in `process_client'
puma (4.3.6) lib/puma/server.rb:328:in `block in run'
puma (4.3.6) lib/puma/thread_pool.rb:134:in `block in spawn_thread'
  
ActionController::RoutingError (No route matches [GET] "/dist/js/bootstrap.min.js"):
  
actionpack (6.0.3.4) lib/action_dispatch/middleware/debug_exceptions.rb:36:in `call'
web-console (4.0.4) lib/web_console/middleware.rb:132:in `call_app'
web-console (4.0.4) lib/web_console/middleware.rb:28:in `block in call'
web-console (4.0.4) lib/web_console/middleware.rb:17:in `catch'
web-console (4.0.4) lib/web_console/middleware.rb:17:in `call'
actionpack (6.0.3.4) lib/action_dispatch/middleware/show_exceptions.rb:33:in `call'
railties (6.0.3.4) lib/rails/rack/logger.rb:37:in `call_app'
railties (6.0.3.4) lib/rails/rack/logger.rb:26:in `block in call'
activesupport (6.0.3.4) lib/active_support/tagged_logging.rb:80:in `block in tagged'
activesupport (6.0.3.4) lib/active_support/tagged_logging.rb:28:in `tagged'
activesupport (6.0.3.4) lib/active_support/tagged_logging.rb:80:in `tagged'
railties (6.0.3.4) lib/rails/rack/logger.rb:26:in `call'
sprockets-rails (3.2.2) lib/sprockets/rails/quiet_assets.rb:13:in `call'
actionpack (6.0.3.4) lib/action_dispatch/middleware/remote_ip.rb:81:in `call'
actionpack (6.0.3.4) lib/action_dispatch/middleware/request_id.rb:27:in `call'
rack (2.2.3) lib/rack/method_override.rb:24:in `call'
rack (2.2.3) lib/rack/runtime.rb:22:in `call'
activesupport (6.0.3.4) lib/active_support/cache/strategy/local_cache_middleware.rb:29:in `call'
actionpack (6.0.3.4) lib/action_dispatch/middleware/executor.rb:14:in `call'
actionpack (6.0.3.4) lib/action_dispatch/middleware/static.rb:126:in `call'
rack (2.2.3) lib/rack/sendfile.rb:110:in `call'
actionpack (6.0.3.4) lib/action_dispatch/middleware/host_authorization.rb:82:in `call'
webpacker (4.3.0) lib/webpacker/dev_server_proxy.rb:23:in `perform_request'
rack-proxy (0.6.5) lib/rack/proxy.rb:57:in `call'
railties (6.0.3.4) lib/rails/engine.rb:527:in `call'
puma (4.3.6) lib/puma/configuration.rb:228:in `call'
puma (4.3.6) lib/puma/server.rb:713:in `handle_request'
puma (4.3.6) lib/puma/server.rb:472:in `process_client'
puma (4.3.6) lib/puma/server.rb:328:in `block in run'
puma (4.3.6) lib/puma/thread_pool.rb:134:in `block in spawn_thread'
Started GET "/dist/js/bootstrap.min.js" for 127.0.0.1 at 2020-10-26 10:46:49 +0100
  
ActionController::RoutingError (No route matches [GET] "/dist/js/bootstrap.min.js"):
  
actionpack (6.0.3.4) lib/action_dispatch/middleware/debug_exceptions.rb:36:in `call'
web-console (4.0.4) lib/web_console/middleware.rb:132:in `call_app'
web-console (4.0.4) lib/web_console/middleware.rb:28:in `block in call'
web-console (4.0.4) lib/web_console/middleware.rb:17:in `catch'
web-console (4.0.4) lib/web_console/middleware.rb:17:in `call'
actionpack (6.0.3.4) lib/action_dispatch/middleware/show_exceptions.rb:33:in `call'
railties (6.0.3.4) lib/rails/rack/logger.rb:37:in `call_app'
railties (6.0.3.4) lib/rails/rack/logger.rb:26:in `block in call'
activesupport (6.0.3.4) lib/active_support/tagged_logging.rb:80:in `block in tagged'
activesupport (6.0.3.4) lib/active_support/tagged_logging.rb:28:in `tagged'
activesupport (6.0.3.4) lib/active_support/tagged_logging.rb:80:in `tagged'
railties (6.0.3.4) lib/rails/rack/logger.rb:26:in `call'
sprockets-rails (3.2.2) lib/sprockets/rails/quiet_assets.rb:13:in `call'
actionpack (6.0.3.4) lib/action_dispatch/middleware/remote_ip.rb:81:in `call'
actionpack (6.0.3.4) lib/action_dispatch/middleware/request_id.rb:27:in `call'
rack (2.2.3) lib/rack/method_override.rb:24:in `call'
rack (2.2.3) lib/rack/runtime.rb:22:in `call'
activesupport (6.0.3.4) lib/active_support/cache/strategy/local_cache_middleware.rb:29:in `call'
actionpack (6.0.3.4) lib/action_dispatch/middleware/executor.rb:14:in `call'
actionpack (6.0.3.4) lib/action_dispatch/middleware/static.rb:126:in `call'
rack (2.2.3) lib/rack/sendfile.rb:110:in `call'
actionpack (6.0.3.4) lib/action_dispatch/middleware/host_authorization.rb:82:in `call'
webpacker (4.3.0) lib/webpacker/dev_server_proxy.rb:23:in `perform_request'
rack-proxy (0.6.5) lib/rack/proxy.rb:57:in `call'
railties (6.0.3.4) lib/rails/engine.rb:527:in `call'
puma (4.3.6) lib/puma/configuration.rb:228:in `call'
puma (4.3.6) lib/puma/server.rb:713:in `handle_request'
puma (4.3.6) lib/puma/server.rb:472:in `process_client'
puma (4.3.6) lib/puma/server.rb:328:in `block in run'
puma (4.3.6) lib/puma/thread_pool.rb:134:in `block in spawn_thread'
Started GET "/team" for 127.0.0.1 at 2020-10-26 10:47:49 +0100
Processing by TeamController#team as HTML
  Rendering team/team.html.erb within layouts/application
  Rendered team/team.html.erb within layouts/application (Duration: 1.2ms | Allocations: 107)
[Webpacker] Everything's up-to-date. Nothing to do
Completed 200 OK in 11ms (Views: 10.0ms | ActiveRecord: 0.0ms | Allocations: 4942)


Started GET "/team" for 127.0.0.1 at 2020-10-26 10:47:50 +0100
Processing by TeamController#team as HTML
  Rendering team/team.html.erb within layouts/application
  Rendered team/team.html.erb within layouts/application (Duration: 0.0ms | Allocations: 4)
[Webpacker] Everything's up-to-date. Nothing to do
Completed 200 OK in 7ms (Views: 6.3ms | ActiveRecord: 0.0ms | Allocations: 3888)


Started GET "/team" for 127.0.0.1 at 2020-10-26 10:47:51 +0100
Processing by TeamController#team as HTML
  Rendering team/team.html.erb within layouts/application
  Rendered team/team.html.erb within layouts/application (Duration: 0.0ms | Allocations: 4)
[Webpacker] Everything's up-to-date. Nothing to do
Completed 200 OK in 8ms (Views: 7.3ms | ActiveRecord: 0.0ms | Allocations: 3881)


Started GET "/team" for 127.0.0.1 at 2020-10-26 10:47:52 +0100
Processing by TeamController#team as HTML
  Rendering team/team.html.erb within layouts/application
  Rendered team/team.html.erb within layouts/application (Duration: 0.0ms | Allocations: 4)
[Webpacker] Everything's up-to-date. Nothing to do
Completed 200 OK in 7ms (Views: 6.5ms | ActiveRecord: 0.0ms | Allocations: 3883)


Started GET "/team" for 127.0.0.1 at 2020-10-26 10:48:20 +0100
Processing by TeamController#team as HTML
  Rendering team/team.html.erb within layouts/application
  Rendered team/team.html.erb within layouts/application (Duration: 0.0ms | Allocations: 4)
[Webpacker] Everything's up-to-date. Nothing to do
Completed 200 OK in 31ms (Views: 30.6ms | ActiveRecord: 0.0ms | Allocations: 11993)


Started GET "/team" for 127.0.0.1 at 2020-10-26 10:48:32 +0100
Processing by TeamController#team as HTML
  Rendering team/team.html.erb within layouts/application
  Rendered team/team.html.erb within layouts/application (Duration: 1.2ms | Allocations: 101)
[Webpacker] Everything's up-to-date. Nothing to do
Completed 200 OK in 10ms (Views: 8.8ms | ActiveRecord: 0.0ms | Allocations: 4894)


Started GET "/team" for 127.0.0.1 at 2020-10-26 10:50:02 +0100
Processing by TeamController#team as HTML
  Rendering team/team.html.erb within layouts/application
  Rendered team/team.html.erb within layouts/application (Duration: 1.0ms | Allocations: 94)
[Webpacker] Everything's up-to-date. Nothing to do
Completed 200 OK in 10ms (Views: 9.0ms | ActiveRecord: 0.0ms | Allocations: 4865)


Started GET "/team" for 127.0.0.1 at 2020-10-26 10:50:10 +0100
Processing by TeamController#team as HTML
  Rendering team/team.html.erb within layouts/application
  Rendered team/team.html.erb within layouts/application (Duration: 1.0ms | Allocations: 98)
[Webpacker] Everything's up-to-date. Nothing to do
Completed 200 OK in 11ms (Views: 10.3ms | ActiveRecord: 0.0ms | Allocations: 4869)


Started GET "/team" for 127.0.0.1 at 2020-10-26 10:50:19 +0100
Processing by TeamController#team as HTML
  Rendering team/team.html.erb within layouts/application
  Rendered team/team.html.erb within layouts/application (Duration: 0.0ms | Allocations: 4)
[Webpacker] Everything's up-to-date. Nothing to do
Completed 200 OK in 13ms (Views: 12.6ms | ActiveRecord: 0.0ms | Allocations: 3889)


Started GET "/team" for 127.0.0.1 at 2020-10-26 10:50:21 +0100
Processing by TeamController#team as HTML
  Rendering team/team.html.erb within layouts/application
  Rendered team/team.html.erb within layouts/application (Duration: 0.0ms | Allocations: 5)
[Webpacker] Everything's up-to-date. Nothing to do
Completed 200 OK in 7ms (Views: 6.4ms | ActiveRecord: 0.0ms | Allocations: 3897)


Started GET "/team" for 127.0.0.1 at 2020-10-26 10:50:21 +0100
Processing by TeamController#team as HTML
  Rendering team/team.html.erb within layouts/application
  Rendered team/team.html.erb within layouts/application (Duration: 0.0ms | Allocations: 4)
[Webpacker] Everything's up-to-date. Nothing to do
Completed 200 OK in 7ms (Views: 6.5ms | ActiveRecord: 0.0ms | Allocations: 3881)


Started GET "/team" for 127.0.0.1 at 2020-10-26 10:50:37 +0100
Processing by TeamController#team as HTML
  Rendering team/team.html.erb within layouts/application
  Rendered team/team.html.erb within layouts/application (Duration: 1.0ms | Allocations: 106)
[Webpacker] Everything's up-to-date. Nothing to do
Completed 200 OK in 9ms (Views: 8.2ms | ActiveRecord: 0.0ms | Allocations: 4891)


Started GET "/team" for 127.0.0.1 at 2020-10-26 10:50:49 +0100
Processing by TeamController#team as HTML
  Rendering team/team.html.erb within layouts/application
  Rendered team/team.html.erb within layouts/application (Duration: 1.1ms | Allocations: 102)
[Webpacker] Everything's up-to-date. Nothing to do
Completed 200 OK in 9ms (Views: 8.6ms | ActiveRecord: 0.0ms | Allocations: 4879)


Started GET "/team" for 127.0.0.1 at 2020-10-26 10:51:40 +0100
Processing by TeamController#team as HTML
  Rendering team/team.html.erb within layouts/application
  Rendered team/team.html.erb within layouts/application (Duration: 1.0ms | Allocations: 99)
[Webpacker] Everything's up-to-date. Nothing to do
Completed 200 OK in 10ms (Views: 8.7ms | ActiveRecord: 0.0ms | Allocations: 4866)


Started GET "/team" for 127.0.0.1 at 2020-10-26 10:51:53 +0100
Processing by TeamController#team as HTML
  Rendering team/team.html.erb within layouts/application
  Rendered team/team.html.erb within layouts/application (Duration: 1.0ms | Allocations: 102)
[Webpacker] Everything's up-to-date. Nothing to do
Completed 200 OK in 10ms (Views: 9.2ms | ActiveRecord: 0.0ms | Allocations: 4881)


Started GET "/team" for 127.0.0.1 at 2020-10-26 10:52:01 +0100
Processing by TeamController#team as HTML
  Rendering team/team.html.erb within layouts/application
  Rendered team/team.html.erb within layouts/application (Duration: 1.1ms | Allocations: 104)
[Webpacker] Everything's up-to-date. Nothing to do
Completed 200 OK in 10ms (Views: 8.6ms | ActiveRecord: 0.0ms | Allocations: 4879)


Started GET "/team" for 127.0.0.1 at 2020-10-26 10:52:14 +0100
Processing by TeamController#team as HTML
  Rendering team/team.html.erb within layouts/application
  Rendered team/team.html.erb within layouts/application (Duration: 1.1ms | Allocations: 104)
[Webpacker] Everything's up-to-date. Nothing to do
Completed 200 OK in 9ms (Views: 8.2ms | ActiveRecord: 0.0ms | Allocations: 4871)


Started GET "/team" for 127.0.0.1 at 2020-10-26 10:52:21 +0100
Processing by TeamController#team as HTML
  Rendering team/team.html.erb within layouts/application
  Rendered team/team.html.erb within layouts/application (Duration: 1.0ms | Allocations: 102)
[Webpacker] Everything's up-to-date. Nothing to do
Completed 200 OK in 9ms (Views: 8.2ms | ActiveRecord: 0.0ms | Allocations: 4883)


Started GET "/team" for 127.0.0.1 at 2020-10-26 10:52:36 +0100
Processing by TeamController#team as HTML
  Rendering team/team.html.erb within layouts/application
  Rendered team/team.html.erb within layouts/application (Duration: 1.3ms | Allocations: 102)
[Webpacker] Everything's up-to-date. Nothing to do
Completed 200 OK in 13ms (Views: 12.1ms | ActiveRecord: 0.0ms | Allocations: 4884)


Started GET "/team" for 127.0.0.1 at 2020-10-26 10:52:37 +0100
Processing by TeamController#team as HTML
  Rendering team/team.html.erb within layouts/application
  Rendered team/team.html.erb within layouts/application (Duration: 0.0ms | Allocations: 4)
[Webpacker] Everything's up-to-date. Nothing to do
Completed 200 OK in 7ms (Views: 6.4ms | ActiveRecord: 0.0ms | Allocations: 3890)


Started GET "/team" for 127.0.0.1 at 2020-10-26 10:52:37 +0100
Processing by TeamController#team as HTML
  Rendering team/team.html.erb within layouts/application
  Rendered team/team.html.erb within layouts/application (Duration: 0.0ms | Allocations: 4)
[Webpacker] Everything's up-to-date. Nothing to do
Completed 200 OK in 7ms (Views: 6.9ms | ActiveRecord: 0.0ms | Allocations: 3895)


Started GET "/team" for ::1 at 2020-10-26 10:53:32 +0100
Processing by TeamController#team as HTML
  Rendering team/team.html.erb within layouts/application
  Rendered team/team.html.erb within layouts/application (Duration: 1.0ms | Allocations: 107)
[Webpacker] Everything's up-to-date. Nothing to do
Completed 200 OK in 10ms (Views: 9.5ms | ActiveRecord: 0.0ms | Allocations: 4888)


Started GET "/team" for 127.0.0.1 at 2020-10-26 10:53:33 +0100
Processing by TeamController#team as HTML
  Rendering team/team.html.erb within layouts/application
  Rendered team/team.html.erb within layouts/application (Duration: 0.0ms | Allocations: 4)
[Webpacker] Everything's up-to-date. Nothing to do
Completed 200 OK in 7ms (Views: 6.4ms | ActiveRecord: 0.0ms | Allocations: 3880)


Started GET "/team" for 127.0.0.1 at 2020-10-26 10:53:43 +0100
Processing by TeamController#team as HTML
  Rendering team/team.html.erb within layouts/application
  Rendered team/team.html.erb within layouts/application (Duration: 1.1ms | Allocations: 102)
[Webpacker] Everything's up-to-date. Nothing to do
Completed 200 OK in 10ms (Views: 9.5ms | ActiveRecord: 0.0ms | Allocations: 4897)


Started GET "/team" for 127.0.0.1 at 2020-10-26 10:53:47 +0100
Processing by TeamController#team as HTML
  Rendering team/team.html.erb within layouts/application
  Rendered team/team.html.erb within layouts/application (Duration: 1.0ms | Allocations: 101)
[Webpacker] Everything's up-to-date. Nothing to do
Completed 200 OK in 9ms (Views: 8.4ms | ActiveRecord: 0.0ms | Allocations: 4888)


Started GET "/team" for 127.0.0.1 at 2020-10-26 10:53:54 +0100
Processing by TeamController#team as HTML
  Rendering team/team.html.erb within layouts/application
  Rendered team/team.html.erb within layouts/application (Duration: 1.0ms | Allocations: 102)
[Webpacker] Everything's up-to-date. Nothing to do
Completed 200 OK in 10ms (Views: 8.8ms | ActiveRecord: 0.0ms | Allocations: 4887)


Started GET "/team" for 127.0.0.1 at 2020-10-26 10:54:01 +0100
Processing by TeamController#team as HTML
  Rendering team/team.html.erb within layouts/application
  Rendered team/team.html.erb within layouts/application (Duration: 1.0ms | Allocations: 102)
[Webpacker] Everything's up-to-date. Nothing to do
Completed 200 OK in 10ms (Views: 9.4ms | ActiveRecord: 0.0ms | Allocations: 4883)


Started GET "/team" for 127.0.0.1 at 2020-10-26 10:54:05 +0100
Processing by TeamController#team as HTML
  Rendering team/team.html.erb within layouts/application
  Rendered team/team.html.erb within layouts/application (Duration: 1.0ms | Allocations: 101)
[Webpacker] Everything's up-to-date. Nothing to do
Completed 200 OK in 10ms (Views: 9.2ms | ActiveRecord: 0.0ms | Allocations: 4872)


Started GET "/team" for 127.0.0.1 at 2020-10-26 10:54:56 +0100
Processing by TeamController#team as HTML
  Rendering team/team.html.erb within layouts/application
  Rendered team/team.html.erb within layouts/application (Duration: 1.1ms | Allocations: 104)
[Webpacker] Everything's up-to-date. Nothing to do
Completed 200 OK in 12ms (Views: 10.8ms | ActiveRecord: 0.0ms | Allocations: 4882)


Started GET "/team" for 127.0.0.1 at 2020-10-26 10:56:03 +0100
Processing by TeamController#team as HTML
  Rendering team/team.html.erb within layouts/application
  Rendered team/team.html.erb within layouts/application (Duration: 174.3ms | Allocations: 124678)
Completed 500 Internal Server Error in 177ms (ActiveRecord: 0.0ms | Allocations: 125856)


  
ActionView::Template::Error (undefined local variable or method `conntact_path' for #<#<Class:0x00007fad8e94b590>:0x00007fad8e949b28>
Did you mean?  contact_path):
    16:         <p class="lead">Je fais le projet en solo pour l'instant, mais si tu veux rejoindre mon groupe t'es le bienvenue. J'eécris pour faire un text</p>
    17:         <p class="lead">
    18:           <a href="#" class="btn btn-lg btn-secondary">
    19:           <%= link_to "Contact", conntact_path %>
    20:           </a>
    21:         </p>
    22:       </main>
  
app/views/team/team.html.erb:19
Started GET "/team" for 127.0.0.1 at 2020-10-26 10:56:28 +0100
Processing by TeamController#team as HTML
  Rendering team/team.html.erb within layouts/application
  Rendered team/team.html.erb within layouts/application (Duration: 1.5ms | Allocations: 170)
[Webpacker] Everything's up-to-date. Nothing to do
Completed 200 OK in 10ms (Views: 9.1ms | ActiveRecord: 0.0ms | Allocations: 4970)


Started GET "/team" for 127.0.0.1 at 2020-10-26 10:56:37 +0100
Processing by TeamController#team as HTML
  Rendering team/team.html.erb within layouts/application
  Rendered team/team.html.erb within layouts/application (Duration: 0.1ms | Allocations: 40)
[Webpacker] Everything's up-to-date. Nothing to do
Completed 200 OK in 10ms (Views: 7.5ms | ActiveRecord: 0.0ms | Allocations: 3925)


Started GET "/team" for 127.0.0.1 at 2020-10-26 10:56:38 +0100
Processing by TeamController#team as HTML
  Rendering team/team.html.erb within layouts/application
  Rendered team/team.html.erb within layouts/application (Duration: 0.1ms | Allocations: 35)
[Webpacker] Everything's up-to-date. Nothing to do
Completed 200 OK in 11ms (Views: 10.3ms | ActiveRecord: 0.0ms | Allocations: 3919)


Started GET "/contact" for 127.0.0.1 at 2020-10-26 10:56:39 +0100
Processing by ContactController#contact as HTML
  Rendering contact/contact.html.erb within layouts/application
  Rendered contact/contact.html.erb within layouts/application (Duration: 0.3ms | Allocations: 79)
[Webpacker] Everything's up-to-date. Nothing to do
Completed 200 OK in 9ms (Views: 8.4ms | ActiveRecord: 0.0ms | Allocations: 4521)


Started GET "/team" for 127.0.0.1 at 2020-10-26 10:56:59 +0100
Processing by TeamController#team as HTML
  Rendering team/team.html.erb within layouts/application
  Rendered team/team.html.erb within layouts/application (Duration: 1.5ms | Allocations: 1037)
Completed 500 Internal Server Error in 4ms (ActiveRecord: 0.0ms | Allocations: 2219)


  
ActionView::SyntaxErrorInTemplate (Encountered a syntax error while rendering template: check 
<body class="text-center">
    <div class="cover-container d-flex h-100 p-3 mx-auto flex-column">
      <header class="masthead mb-auto">
        <div class="inner">
          <h3 class="masthead-brand">Team</h3>
          <nav class="nav nav-masthead">
            <a class="nav-link active" href="#">Team</a>
            <a class="nav-link" href="#">Contact</a>
          </nav>
        </div>
      </header>

      <main role="main" class="inner cover">
        <h1 class="cover-heading">Nicolas Véron</h1>
        <p class="lead">Je fais le projet en solo pour l'instant, mais si tu veux rejoindre mon groupe t'es le bienvenue. J'eécris pour faire un text</p>
        <p class="lead">
          <a href="#" class="btn btn-lg btn-secondary">
          <%= class="btn btn-lg btn-secondary" link_to "Contact", contact_path %>
          </a>
        </p>
      </main>

      <footer class="mastfoot mt-auto">
      </footer>
    </div>
</body>

):
1:    
2:    <body class="text-center">
3:        <div class="cover-container d-flex h-100 p-3 mx-auto flex-column">
4:          <header class="masthead mb-auto">
5:            <div class="inner">
6:              <h3 class="masthead-brand">Team</h3>
7:              <nav class="nav nav-masthead">
8:                <a class="nav-link active" href="#">Team</a>
9:                <a class="nav-link" href="#">Contact</a>
10:              </nav>
11:            </div>
12:          </header>
13:    
14:          <main role="main" class="inner cover">
15:            <h1 class="cover-heading">Nicolas Véron</h1>
16:            <p class="lead">Je fais le projet en solo pour l'instant, mais si tu veux rejoindre mon groupe t'es le bienvenue. J'eécris pour faire un text</p>
17:            <p class="lead">
18:              <a href="#" class="btn btn-lg btn-secondary">
19:              <%= class="btn btn-lg btn-secondary" link_to "Contact", contact_path %>
20:              </a>
21:            </p>
22:          </main>
23:    
24:          <footer class="mastfoot mt-auto">
25:          </footer>
26:        </div>
27:    </body>
  
app/views/team/team.html.erb:19: syntax error, unexpected '='
app/views/team/team.html.erb:19: syntax error, unexpected local variable or method, expecting ')'
app/views/team/team.html.erb:19: syntax error, unexpected '='
app/views/team/team.html.erb:19: syntax error, unexpected local variable or method, expecting ')'
app/views/team/team.html.erb:19: syntax error, unexpected '='
app/views/team/team.html.erb:19: syntax error, unexpected local variable or method, expecting ')'
app/views/team/team.html.erb:19: syntax error, unexpected '='
app/views/team/team.html.erb:19: syntax error, unexpected local variable or method, expecting ')'
app/views/team/team.html.erb:19: syntax error, unexpected '='
app/views/team/team.html.erb:19: syntax error, unexpected local variable or method, expecting ')'
app/views/team/team.html.erb:19: syntax error, unexpected '='
app/views/team/team.html.erb:19: syntax error, unexpected local variable or method, expecting ')'
Started GET "/team" for 127.0.0.1 at 2020-10-26 10:57:15 +0100
Processing by TeamController#team as HTML
  Rendering team/team.html.erb within layouts/application
  Rendered team/team.html.erb within layouts/application (Duration: 1.2ms | Allocations: 163)
[Webpacker] Everything's up-to-date. Nothing to do
Completed 200 OK in 11ms (Views: 9.5ms | ActiveRecord: 0.0ms | Allocations: 4971)


Started GET "/contact" for 127.0.0.1 at 2020-10-26 10:57:16 +0100
Processing by ContactController#contact as HTML
  Rendering contact/contact.html.erb within layouts/application
  Rendered contact/contact.html.erb within layouts/application (Duration: 0.3ms | Allocations: 76)
[Webpacker] Everything's up-to-date. Nothing to do
Completed 200 OK in 9ms (Views: 8.5ms | ActiveRecord: 0.0ms | Allocations: 4522)


Started GET "/team" for ::1 at 2020-10-26 10:58:25 +0100
Processing by TeamController#team as HTML
  Rendering team/team.html.erb within layouts/application
  Rendered team/team.html.erb within layouts/application (Duration: 1.2ms | Allocations: 162)
[Webpacker] Everything's up-to-date. Nothing to do
Completed 200 OK in 11ms (Views: 10.3ms | ActiveRecord: 0.0ms | Allocations: 4948)


Started GET "/contact" for 127.0.0.1 at 2020-10-26 10:58:26 +0100
Processing by ContactController#contact as HTML
  Rendering contact/contact.html.erb within layouts/application
  Rendered contact/contact.html.erb within layouts/application (Duration: 0.3ms | Allocations: 79)
[Webpacker] Everything's up-to-date. Nothing to do
Completed 200 OK in 10ms (Views: 8.8ms | ActiveRecord: 0.0ms | Allocations: 4535)


Started GET "/team" for 127.0.0.1 at 2020-10-26 10:58:48 +0100
Processing by TeamController#team as HTML
  Rendering team/team.html.erb within layouts/application
  Rendered team/team.html.erb within layouts/application (Duration: 1.1ms | Allocations: 101)
[Webpacker] Everything's up-to-date. Nothing to do
Completed 200 OK in 10ms (Views: 8.8ms | ActiveRecord: 0.0ms | Allocations: 4893)


Started GET "/team" for 127.0.0.1 at 2020-10-26 10:58:50 +0100
Processing by TeamController#team as HTML
  Rendering team/team.html.erb within layouts/application
  Rendered team/team.html.erb within layouts/application (Duration: 0.0ms | Allocations: 4)
[Webpacker] Everything's up-to-date. Nothing to do
Completed 200 OK in 7ms (Views: 6.8ms | ActiveRecord: 0.0ms | Allocations: 3884)


Started GET "/team" for 127.0.0.1 at 2020-10-26 10:58:51 +0100
Processing by TeamController#team as HTML
  Rendering team/team.html.erb within layouts/application
  Rendered team/team.html.erb within layouts/application (Duration: 0.0ms | Allocations: 4)
[Webpacker] Everything's up-to-date. Nothing to do
Completed 200 OK in 11ms (Views: 10.7ms | ActiveRecord: 0.0ms | Allocations: 3911)


Started GET "/team" for 127.0.0.1 at 2020-10-26 10:59:10 +0100
Processing by TeamController#team as HTML
  Rendering team/team.html.erb within layouts/application
  Rendered team/team.html.erb within layouts/application (Duration: 1.0ms | Allocations: 101)
[Webpacker] Everything's up-to-date. Nothing to do
Completed 200 OK in 10ms (Views: 8.8ms | ActiveRecord: 0.0ms | Allocations: 4872)


Started GET "/team" for 127.0.0.1 at 2020-10-26 10:59:14 +0100
Processing by TeamController#team as HTML
  Rendering team/team.html.erb within layouts/application
  Rendered team/team.html.erb within layouts/application (Duration: 0.0ms | Allocations: 4)
[Webpacker] Everything's up-to-date. Nothing to do
Completed 200 OK in 8ms (Views: 8.0ms | ActiveRecord: 0.0ms | Allocations: 3883)


Started GET "/team" for 127.0.0.1 at 2020-10-26 10:59:21 +0100
Processing by TeamController#team as HTML
  Rendering team/team.html.erb within layouts/application
  Rendered team/team.html.erb within layouts/application (Duration: 1.0ms | Allocations: 101)
[Webpacker] Everything's up-to-date. Nothing to do
Completed 200 OK in 9ms (Views: 8.3ms | ActiveRecord: 0.0ms | Allocations: 4890)


Started GET "/team" for 127.0.0.1 at 2020-10-26 10:59:44 +0100
Processing by TeamController#team as HTML
  Rendering team/team.html.erb within layouts/application
  Rendered team/team.html.erb within layouts/application (Duration: 1.3ms | Allocations: 161)
[Webpacker] Everything's up-to-date. Nothing to do
Completed 200 OK in 10ms (Views: 9.7ms | ActiveRecord: 0.0ms | Allocations: 4953)


Started GET "/team" for 127.0.0.1 at 2020-10-26 11:00:18 +0100
Processing by TeamController#team as HTML
  Rendering team/team.html.erb within layouts/application
  Rendered team/team.html.erb within layouts/application (Duration: 1.2ms | Allocations: 101)
[Webpacker] Everything's up-to-date. Nothing to do
Completed 200 OK in 9ms (Views: 8.5ms | ActiveRecord: 0.0ms | Allocations: 4892)


Started GET "/contact" for 127.0.0.1 at 2020-10-26 11:00:19 +0100
Processing by ContactController#contact as HTML
  Rendering contact/contact.html.erb within layouts/application
  Rendered contact/contact.html.erb within layouts/application (Duration: 0.3ms | Allocations: 76)
[Webpacker] Everything's up-to-date. Nothing to do
Completed 200 OK in 9ms (Views: 8.2ms | ActiveRecord: 0.0ms | Allocations: 4522)


Started GET "/team" for 127.0.0.1 at 2020-10-26 11:00:42 +0100
Processing by TeamController#team as HTML
  Rendering team/team.html.erb within layouts/application
  Rendered team/team.html.erb within layouts/application (Duration: 1.1ms | Allocations: 106)
[Webpacker] Everything's up-to-date. Nothing to do
Completed 200 OK in 10ms (Views: 8.8ms | ActiveRecord: 0.0ms | Allocations: 4901)


Started GET "/contact" for 127.0.0.1 at 2020-10-26 11:00:43 +0100
Processing by ContactController#contact as HTML
  Rendering contact/contact.html.erb within layouts/application
  Rendered contact/contact.html.erb within layouts/application (Duration: 1.6ms | Allocations: 85)
[Webpacker] Everything's up-to-date. Nothing to do
Completed 200 OK in 10ms (Views: 9.1ms | ActiveRecord: 0.0ms | Allocations: 4511)


Started GET "/contact" for 127.0.0.1 at 2020-10-26 11:00:45 +0100
Processing by ContactController#contact as HTML
  Rendering contact/contact.html.erb within layouts/application
  Rendered contact/contact.html.erb within layouts/application (Duration: 0.0ms | Allocations: 4)
[Webpacker] Everything's up-to-date. Nothing to do
Completed 200 OK in 9ms (Views: 8.7ms | ActiveRecord: 0.0ms | Allocations: 3886)


Started GET "/team" for 127.0.0.1 at 2020-10-26 11:00:46 +0100
Processing by TeamController#team as HTML
  Rendering team/team.html.erb within layouts/application
  Rendered team/team.html.erb within layouts/application (Duration: 0.0ms | Allocations: 4)
[Webpacker] Everything's up-to-date. Nothing to do
Completed 200 OK in 8ms (Views: 7.3ms | ActiveRecord: 0.0ms | Allocations: 3889)


Started GET "/team" for 127.0.0.1 at 2020-10-26 11:00:59 +0100
Processing by TeamController#team as HTML
  Rendering team/team.html.erb within layouts/application
  Rendered team/team.html.erb within layouts/application (Duration: 0.3ms | Allocations: 100)
[Webpacker] Everything's up-to-date. Nothing to do
Completed 200 OK in 10ms (Views: 9.6ms | ActiveRecord: 0.0ms | Allocations: 4886)


Started GET "/contact" for 127.0.0.1 at 2020-10-26 11:00:59 +0100
Processing by ContactController#contact as HTML
  Rendering contact/contact.html.erb within layouts/application
  Rendered contact/contact.html.erb within layouts/application (Duration: 1.0ms | Allocations: 99)
[Webpacker] Everything's up-to-date. Nothing to do
Completed 200 OK in 10ms (Views: 8.8ms | ActiveRecord: 0.0ms | Allocations: 4536)


Started GET "/contact" for 127.0.0.1 at 2020-10-26 11:01:54 +0100
Processing by ContactController#contact as HTML
  Rendering contact/contact.html.erb within layouts/application
  Rendered contact/contact.html.erb within layouts/application (Duration: 1.0ms | Allocations: 96)
[Webpacker] Everything's up-to-date. Nothing to do
Completed 200 OK in 9ms (Views: 8.6ms | ActiveRecord: 0.0ms | Allocations: 4875)


Started GET "/contact" for 127.0.0.1 at 2020-10-26 11:02:05 +0100
Processing by ContactController#contact as HTML
  Rendering contact/contact.html.erb within layouts/application
  Rendered contact/contact.html.erb within layouts/application (Duration: 0.0ms | Allocations: 4)
[Webpacker] Everything's up-to-date. Nothing to do
Completed 200 OK in 8ms (Views: 7.5ms | ActiveRecord: 0.0ms | Allocations: 3885)


Started GET "/contact" for 127.0.0.1 at 2020-10-26 11:02:06 +0100
Processing by ContactController#contact as HTML
  Rendering contact/contact.html.erb within layouts/application
  Rendered contact/contact.html.erb within layouts/application (Duration: 0.0ms | Allocations: 4)
[Webpacker] Everything's up-to-date. Nothing to do
Completed 200 OK in 7ms (Views: 6.9ms | ActiveRecord: 0.0ms | Allocations: 3899)


Started GET "/team" for 127.0.0.1 at 2020-10-26 11:02:07 +0100
Processing by TeamController#team as HTML
  Rendering team/team.html.erb within layouts/application
  Rendered team/team.html.erb within layouts/application (Duration: 0.3ms | Allocations: 100)
[Webpacker] Everything's up-to-date. Nothing to do
Completed 200 OK in 9ms (Views: 8.7ms | ActiveRecord: 0.0ms | Allocations: 4542)


Started GET "/contact" for 127.0.0.1 at 2020-10-26 11:02:08 +0100
Processing by ContactController#contact as HTML
  Rendering contact/contact.html.erb within layouts/application
  Rendered contact/contact.html.erb within layouts/application (Duration: 0.1ms | Allocations: 4)
[Webpacker] Everything's up-to-date. Nothing to do
Completed 200 OK in 11ms (Views: 9.7ms | ActiveRecord: 0.0ms | Allocations: 3893)


Started GET "/contact" for 127.0.0.1 at 2020-10-26 11:02:09 +0100
Processing by ContactController#contact as HTML
  Rendering contact/contact.html.erb within layouts/application
  Rendered contact/contact.html.erb within layouts/application (Duration: 0.0ms | Allocations: 4)
[Webpacker] Everything's up-to-date. Nothing to do
Completed 200 OK in 9ms (Views: 7.6ms | ActiveRecord: 0.0ms | Allocations: 3911)


Started GET "/contact" for 127.0.0.1 at 2020-10-26 11:02:09 +0100
Processing by ContactController#contact as HTML
  Rendering contact/contact.html.erb within layouts/application
  Rendered contact/contact.html.erb within layouts/application (Duration: 0.0ms | Allocations: 4)
[Webpacker] Everything's up-to-date. Nothing to do
Completed 200 OK in 9ms (Views: 8.4ms | ActiveRecord: 0.0ms | Allocations: 3887)


Started GET "/contact" for 127.0.0.1 at 2020-10-26 11:02:10 +0100
Processing by ContactController#contact as HTML
  Rendering contact/contact.html.erb within layouts/application
  Rendered contact/contact.html.erb within layouts/application (Duration: 0.0ms | Allocations: 4)
[Webpacker] Everything's up-to-date. Nothing to do
Completed 200 OK in 8ms (Views: 7.6ms | ActiveRecord: 0.0ms | Allocations: 3883)


Started GET "/contact" for 127.0.0.1 at 2020-10-26 11:02:10 +0100
Processing by ContactController#contact as HTML
  Rendering contact/contact.html.erb within layouts/application
  Rendered contact/contact.html.erb within layouts/application (Duration: 0.0ms | Allocations: 4)
[Webpacker] Everything's up-to-date. Nothing to do
Completed 200 OK in 11ms (Views: 10.5ms | ActiveRecord: 0.0ms | Allocations: 3885)


Started GET "/contact" for 127.0.0.1 at 2020-10-26 11:02:10 +0100
Processing by ContactController#contact as HTML
  Rendering contact/contact.html.erb within layouts/application
  Rendered contact/contact.html.erb within layouts/application (Duration: 0.0ms | Allocations: 4)
[Webpacker] Everything's up-to-date. Nothing to do
Completed 200 OK in 10ms (Views: 9.0ms | ActiveRecord: 0.0ms | Allocations: 3871)


Started GET "/contact" for 127.0.0.1 at 2020-10-26 11:02:10 +0100
Processing by ContactController#contact as HTML
  Rendering contact/contact.html.erb within layouts/application
  Rendered contact/contact.html.erb within layouts/application (Duration: 0.0ms | Allocations: 4)
[Webpacker] Everything's up-to-date. Nothing to do
Completed 200 OK in 8ms (Views: 7.2ms | ActiveRecord: 0.0ms | Allocations: 3881)


Started GET "/contact" for 127.0.0.1 at 2020-10-26 11:02:10 +0100
Processing by ContactController#contact as HTML
  Rendering contact/contact.html.erb within layouts/application
  Rendered contact/contact.html.erb within layouts/application (Duration: 0.0ms | Allocations: 4)
[Webpacker] Everything's up-to-date. Nothing to do
Completed 200 OK in 8ms (Views: 7.1ms | ActiveRecord: 0.0ms | Allocations: 3887)


Started GET "/contact" for 127.0.0.1 at 2020-10-26 11:03:13 +0100
Processing by ContactController#contact as HTML
  Rendering contact/contact.html.erb within layouts/application
  Rendered contact/contact.html.erb within layouts/application (Duration: 1.7ms | Allocations: 1028)
Completed 500 Internal Server Error in 4ms (ActiveRecord: 0.0ms | Allocations: 2196)


  
ActionView::SyntaxErrorInTemplate (Encountered a syntax error while rendering template: check <body class="text-center">
    <div class="cover-container d-flex h-100 p-3 mx-auto flex-column">
      <header class="masthead mb-auto">
        <div class="inner">
          <h3 class="masthead-brand">Conntact</h3>
          <nav class="nav nav-masthead">
            <a class="nav-link active" href="/team">Team</a>
            <a class="nav-link" href="/contact">Contact
                <%= link_to, contact_path%>
            </a>
          </nav>
        </div>
      </header>

      <main role="main" class="inner cover">
        <h1 class="cover-heading">Mes contact:</h1>
        <p class="lead">Email: arrvac@gmail.com</p>
        <p class="lead">Numéro de téléphone: 06 14 93 11 85</p>
      </main>

      <footer class="mastfoot mt-auto">
      </footer>
    </div>
</body>
):
1:    <body class="text-center">
2:        <div class="cover-container d-flex h-100 p-3 mx-auto flex-column">
3:          <header class="masthead mb-auto">
4:            <div class="inner">
5:              <h3 class="masthead-brand">Conntact</h3>
6:              <nav class="nav nav-masthead">
7:                <a class="nav-link active" href="/team">Team</a>
8:                <a class="nav-link" href="/contact">Contact
9:                    <%= link_to, contact_path%>
10:                </a>
11:              </nav>
12:            </div>
13:          </header>
14:    
15:          <main role="main" class="inner cover">
16:            <h1 class="cover-heading">Mes contact:</h1>
17:            <p class="lead">Email: arrvac@gmail.com</p>
18:            <p class="lead">Numéro de téléphone: 06 14 93 11 85</p>
19:          </main>
20:    
21:          <footer class="mastfoot mt-auto">
22:          </footer>
23:        </div>
24:    </body>
  
app/views/contact/contact.html.erb:9: syntax error, unexpected ')', expecting '='
app/views/contact/contact.html.erb:26: syntax error, unexpected `end', expecting ')'
app/views/contact/contact.html.erb:9: syntax error, unexpected ')', expecting '='
app/views/contact/contact.html.erb:26: syntax error, unexpected `end', expecting ')'
app/views/contact/contact.html.erb:9: syntax error, unexpected ')', expecting '='
app/views/contact/contact.html.erb:26: syntax error, unexpected `end', expecting ')'
app/views/contact/contact.html.erb:9: syntax error, unexpected ')', expecting '='
app/views/contact/contact.html.erb:26: syntax error, unexpected `end', expecting ')'
app/views/contact/contact.html.erb:9: syntax error, unexpected ')', expecting '='
app/views/contact/contact.html.erb:26: syntax error, unexpected `end', expecting ')'
app/views/contact/contact.html.erb:9: syntax error, unexpected ')', expecting '='
app/views/contact/contact.html.erb:26: syntax error, unexpected `end', expecting ')'
Started GET "/contact" for 127.0.0.1 at 2020-10-26 11:03:20 +0100
Processing by ContactController#contact as HTML
  Rendering contact/contact.html.erb within layouts/application
  Rendered contact/contact.html.erb within layouts/application (Duration: 1.4ms | Allocations: 154)
[Webpacker] Everything's up-to-date. Nothing to do
Completed 200 OK in 13ms (Views: 12.5ms | ActiveRecord: 0.0ms | Allocations: 4950)


Started GET "/contact" for 127.0.0.1 at 2020-10-26 11:03:26 +0100
Processing by ContactController#contact as HTML
  Rendering contact/contact.html.erb within layouts/application
  Rendered contact/contact.html.erb within layouts/application (Duration: 0.1ms | Allocations: 39)
[Webpacker] Everything's up-to-date. Nothing to do
Completed 200 OK in 7ms (Views: 6.8ms | ActiveRecord: 0.0ms | Allocations: 3918)


Started GET "/contact" for 127.0.0.1 at 2020-10-26 11:03:27 +0100
Processing by ContactController#contact as HTML
  Rendering contact/contact.html.erb within layouts/application
  Rendered contact/contact.html.erb within layouts/application (Duration: 0.1ms | Allocations: 34)
[Webpacker] Everything's up-to-date. Nothing to do
Completed 200 OK in 7ms (Views: 6.6ms | ActiveRecord: 0.0ms | Allocations: 3900)


Started GET "/contact" for 127.0.0.1 at 2020-10-26 11:03:28 +0100
Processing by ContactController#contact as HTML
  Rendering contact/contact.html.erb within layouts/application
  Rendered contact/contact.html.erb within layouts/application (Duration: 0.1ms | Allocations: 34)
[Webpacker] Everything's up-to-date. Nothing to do
Completed 200 OK in 10ms (Views: 9.6ms | ActiveRecord: 0.0ms | Allocations: 3945)


Started GET "/contact" for 127.0.0.1 at 2020-10-26 11:03:28 +0100
Processing by ContactController#contact as HTML
  Rendering contact/contact.html.erb within layouts/application
  Rendered contact/contact.html.erb within layouts/application (Duration: 0.1ms | Allocations: 34)
[Webpacker] Everything's up-to-date. Nothing to do
Completed 200 OK in 10ms (Views: 9.5ms | ActiveRecord: 0.0ms | Allocations: 3906)


Started GET "/contact" for 127.0.0.1 at 2020-10-26 11:03:36 +0100
Processing by ContactController#contact as HTML
  Rendering contact/contact.html.erb within layouts/application
  Rendered contact/contact.html.erb within layouts/application (Duration: 1.2ms | Allocations: 155)
[Webpacker] Everything's up-to-date. Nothing to do
Completed 200 OK in 9ms (Views: 8.3ms | ActiveRecord: 0.0ms | Allocations: 4936)


Started GET "/contact" for 127.0.0.1 at 2020-10-26 11:04:39 +0100
Processing by ContactController#contact as HTML
  Rendering contact/contact.html.erb within layouts/application
  Rendered contact/contact.html.erb within layouts/application (Duration: 1.1ms | Allocations: 95)
[Webpacker] Everything's up-to-date. Nothing to do
Completed 200 OK in 12ms (Views: 10.5ms | ActiveRecord: 0.0ms | Allocations: 4878)


Started GET "/contact" for ::1 at 2020-10-26 11:07:15 +0100
Processing by ContactController#contact as HTML
  Rendering contact/contact.html.erb within layouts/application
  Rendered contact/contact.html.erb within layouts/application (Duration: 1.1ms | Allocations: 95)
[Webpacker] Everything's up-to-date. Nothing to do
Completed 200 OK in 10ms (Views: 9.5ms | ActiveRecord: 0.0ms | Allocations: 4876)


Started GET "/contact" for ::1 at 2020-10-26 11:07:24 +0100
Processing by ContactController#contact as HTML
  Rendering contact/contact.html.erb within layouts/application
  Rendered contact/contact.html.erb within layouts/application (Duration: 1.3ms | Allocations: 96)
[Webpacker] Everything's up-to-date. Nothing to do
Completed 200 OK in 10ms (Views: 9.2ms | ActiveRecord: 0.0ms | Allocations: 4874)


Started GET "/contact" for ::1 at 2020-10-26 11:07:29 +0100
Processing by ContactController#contact as HTML
  Rendering contact/contact.html.erb within layouts/application
  Rendered contact/contact.html.erb within layouts/application (Duration: 1.0ms | Allocations: 98)
[Webpacker] Everything's up-to-date. Nothing to do
Completed 200 OK in 12ms (Views: 9.7ms | ActiveRecord: 0.0ms | Allocations: 4900)


Started GET "/contact" for ::1 at 2020-10-26 11:07:38 +0100
Processing by ContactController#contact as HTML
  Rendering contact/contact.html.erb within layouts/application
  Rendered contact/contact.html.erb within layouts/application (Duration: 1.1ms | Allocations: 95)
[Webpacker] Everything's up-to-date. Nothing to do
Completed 200 OK in 9ms (Views: 8.3ms | ActiveRecord: 0.0ms | Allocations: 4874)


Started GET "/contact" for ::1 at 2020-10-26 11:08:15 +0100
Processing by ContactController#contact as HTML
  Rendering contact/contact.html.erb within layouts/application
  Rendered contact/contact.html.erb within layouts/application (Duration: 1.1ms | Allocations: 95)
[Webpacker] Everything's up-to-date. Nothing to do
Completed 200 OK in 11ms (Views: 10.5ms | ActiveRecord: 0.0ms | Allocations: 4876)


Started GET "/contact" for ::1 at 2020-10-26 11:08:32 +0100
Processing by ContactController#contact as HTML
  Rendering contact/contact.html.erb within layouts/application
  Rendered contact/contact.html.erb within layouts/application (Duration: 1.1ms | Allocations: 95)
[Webpacker] Everything's up-to-date. Nothing to do
Completed 200 OK in 10ms (Views: 9.6ms | ActiveRecord: 0.0ms | Allocations: 4876)


Started GET "/team" for ::1 at 2020-10-26 11:08:33 +0100
Processing by TeamController#team as HTML
  Rendering team/team.html.erb within layouts/application
  Rendered team/team.html.erb within layouts/application (Duration: 0.3ms | Allocations: 101)
[Webpacker] Everything's up-to-date. Nothing to do
Completed 200 OK in 9ms (Views: 7.9ms | ActiveRecord: 0.0ms | Allocations: 4541)


Started GET "/contact" for ::1 at 2020-10-26 11:08:34 +0100
Processing by ContactController#contact as HTML
  Rendering contact/contact.html.erb within layouts/application
  Rendered contact/contact.html.erb within layouts/application (Duration: 0.0ms | Allocations: 4)
[Webpacker] Everything's up-to-date. Nothing to do
Completed 200 OK in 8ms (Views: 7.3ms | ActiveRecord: 0.0ms | Allocations: 3887)


Started GET "/contact" for ::1 at 2020-10-26 11:09:39 +0100
Processing by ContactController#contact as HTML
  Rendering contact/contact.html.erb within layouts/application
  Rendered contact/contact.html.erb within layouts/application (Duration: 1.0ms | Allocations: 95)
[Webpacker] Everything's up-to-date. Nothing to do
Completed 200 OK in 10ms (Views: 9.6ms | ActiveRecord: 0.0ms | Allocations: 4893)


Started GET "/contact" for 127.0.0.1 at 2020-10-26 11:09:42 +0100
Processing by ContactController#contact as HTML
  Rendering contact/contact.html.erb within layouts/application
  Rendered contact/contact.html.erb within layouts/application (Duration: 0.0ms | Allocations: 4)
[Webpacker] Everything's up-to-date. Nothing to do
Completed 200 OK in 8ms (Views: 7.2ms | ActiveRecord: 0.0ms | Allocations: 3878)


Started GET "/contact" for 127.0.0.1 at 2020-10-26 11:09:42 +0100
Processing by ContactController#contact as HTML
  Rendering contact/contact.html.erb within layouts/application
  Rendered contact/contact.html.erb within layouts/application (Duration: 0.0ms | Allocations: 4)
[Webpacker] Everything's up-to-date. Nothing to do
Completed 200 OK in 8ms (Views: 7.2ms | ActiveRecord: 0.0ms | Allocations: 3880)


Started GET "/team" for 127.0.0.1 at 2020-10-26 11:09:43 +0100
Processing by TeamController#team as HTML
  Rendering team/team.html.erb within layouts/application
  Rendered team/team.html.erb within layouts/application (Duration: 0.3ms | Allocations: 105)
[Webpacker] Everything's up-to-date. Nothing to do
Completed 200 OK in 9ms (Views: 8.6ms | ActiveRecord: 0.0ms | Allocations: 4553)


Started GET "/team" for 127.0.0.1 at 2020-10-26 11:09:53 +0100
Processing by TeamController#team as HTML
  Rendering team/team.html.erb within layouts/application
  Rendered team/team.html.erb within layouts/application (Duration: 1.0ms | Allocations: 101)
[Webpacker] Everything's up-to-date. Nothing to do
Completed 200 OK in 10ms (Views: 8.8ms | ActiveRecord: 0.0ms | Allocations: 4893)


Started GET "/team" for 127.0.0.1 at 2020-10-26 11:10:03 +0100
Processing by TeamController#team as HTML
  Rendering team/team.html.erb within layouts/application
  Rendered team/team.html.erb within layouts/application (Duration: 0.3ms | Allocations: 100)
[Webpacker] Everything's up-to-date. Nothing to do
Completed 200 OK in 9ms (Views: 7.8ms | ActiveRecord: 0.0ms | Allocations: 4885)


Started GET "/contact" for 127.0.0.1 at 2020-10-26 11:10:04 +0100
Processing by ContactController#contact as HTML
  Rendering contact/contact.html.erb within layouts/application
  Rendered contact/contact.html.erb within layouts/application (Duration: 1.1ms | Allocations: 95)
[Webpacker] Everything's up-to-date. Nothing to do
Completed 200 OK in 10ms (Views: 9.4ms | ActiveRecord: 0.0ms | Allocations: 4529)


Started GET "/team" for 127.0.0.1 at 2020-10-26 11:10:04 +0100
Processing by TeamController#team as HTML
  Rendering team/team.html.erb within layouts/application
  Rendered team/team.html.erb within layouts/application (Duration: 0.0ms | Allocations: 4)
[Webpacker] Everything's up-to-date. Nothing to do
Completed 200 OK in 8ms (Views: 6.9ms | ActiveRecord: 0.0ms | Allocations: 3893)


Started GET "/contact" for 127.0.0.1 at 2020-10-26 11:10:05 +0100
Processing by ContactController#contact as HTML
  Rendering contact/contact.html.erb within layouts/application
  Rendered contact/contact.html.erb within layouts/application (Duration: 0.0ms | Allocations: 4)
[Webpacker] Everything's up-to-date. Nothing to do
Completed 200 OK in 10ms (Views: 9.2ms | ActiveRecord: 0.0ms | Allocations: 3892)


Started GET "/team" for 127.0.0.1 at 2020-10-26 11:10:06 +0100
Processing by TeamController#team as HTML
  Rendering team/team.html.erb within layouts/application
  Rendered team/team.html.erb within layouts/application (Duration: 0.0ms | Allocations: 4)
[Webpacker] Everything's up-to-date. Nothing to do
Completed 200 OK in 12ms (Views: 11.5ms | ActiveRecord: 0.0ms | Allocations: 3885)


Started GET "/contact" for 127.0.0.1 at 2020-10-26 11:10:06 +0100
Processing by ContactController#contact as HTML
  Rendering contact/contact.html.erb within layouts/application
  Rendered contact/contact.html.erb within layouts/application (Duration: 0.0ms | Allocations: 4)
[Webpacker] Everything's up-to-date. Nothing to do
Completed 200 OK in 8ms (Views: 7.8ms | ActiveRecord: 0.0ms | Allocations: 3889)


Started GET "/team" for 127.0.0.1 at 2020-10-26 11:10:08 +0100
Processing by TeamController#team as HTML
  Rendering team/team.html.erb within layouts/application
  Rendered team/team.html.erb within layouts/application (Duration: 0.0ms | Allocations: 4)
[Webpacker] Everything's up-to-date. Nothing to do
Completed 200 OK in 7ms (Views: 6.5ms | ActiveRecord: 0.0ms | Allocations: 3879)


Started GET "/contact" for 127.0.0.1 at 2020-10-26 11:10:08 +0100
Processing by ContactController#contact as HTML
  Rendering contact/contact.html.erb within layouts/application
  Rendered contact/contact.html.erb within layouts/application (Duration: 0.0ms | Allocations: 4)
[Webpacker] Everything's up-to-date. Nothing to do
Completed 200 OK in 11ms (Views: 10.4ms | ActiveRecord: 0.0ms | Allocations: 3877)


Started GET "/team" for 127.0.0.1 at 2020-10-26 11:10:09 +0100
Processing by TeamController#team as HTML
  Rendering team/team.html.erb within layouts/application
  Rendered team/team.html.erb within layouts/application (Duration: 0.0ms | Allocations: 4)
[Webpacker] Everything's up-to-date. Nothing to do
Completed 200 OK in 8ms (Views: 7.4ms | ActiveRecord: 0.0ms | Allocations: 3895)


Started GET "/contact" for 127.0.0.1 at 2020-10-26 11:10:09 +0100
Processing by ContactController#contact as HTML
  Rendering contact/contact.html.erb within layouts/application
  Rendered contact/contact.html.erb within layouts/application (Duration: 0.1ms | Allocations: 4)
[Webpacker] Everything's up-to-date. Nothing to do
Completed 200 OK in 10ms (Views: 9.1ms | ActiveRecord: 0.0ms | Allocations: 3925)


Started GET "/team" for 127.0.0.1 at 2020-10-26 11:10:11 +0100
Processing by TeamController#team as HTML
  Rendering team/team.html.erb within layouts/application
  Rendered team/team.html.erb within layouts/application (Duration: 0.0ms | Allocations: 4)
[Webpacker] Everything's up-to-date. Nothing to do
Completed 200 OK in 8ms (Views: 7.6ms | ActiveRecord: 0.0ms | Allocations: 3885)


Started GET "/team" for 127.0.0.1 at 2020-10-26 11:10:46 +0100
Processing by TeamController#team as HTML
  Rendering team/team.html.erb within layouts/application
  Rendered team/team.html.erb within layouts/application (Duration: 0.0ms | Allocations: 4)
[Webpacker] Everything's up-to-date. Nothing to do
Completed 200 OK in 39ms (Views: 38.8ms | ActiveRecord: 0.0ms | Allocations: 12590)


Started GET "/team" for ::1 at 2020-10-26 11:14:57 +0100
Processing by TeamController#team as HTML
  Rendering team/team.html.erb within layouts/application
  Rendered team/team.html.erb within layouts/application (Duration: 0.5ms | Allocations: 217)
[Webpacker] Everything's up-to-date. Nothing to do
Completed 200 OK in 80ms (Views: 75.0ms | ActiveRecord: 0.0ms | Allocations: 22204)


Started GET "/welcome/nico" for ::1 at 2020-10-26 11:15:02 +0100
Processing by LandingPageController#welcome as HTML
  Parameters: {"first_name"=>"nico"}
  Rendering landing_page/welcome.html.erb within layouts/application
  Rendered landing_page/welcome.html.erb within layouts/application (Duration: 2.5ms | Allocations: 82)
[Webpacker] Everything's up-to-date. Nothing to do
Completed 200 OK in 16ms (Views: 14.5ms | ActiveRecord: 0.0ms | Allocations: 4603)


Started GET "/welcome/nico" for 127.0.0.1 at 2020-10-26 11:17:06 +0100
Processing by LandingPageController#welcome as HTML
  Parameters: {"first_name"=>"nico"}
  Rendering landing_page/welcome.html.erb within layouts/application
  Rendered landing_page/welcome.html.erb within layouts/application (Duration: 0.0ms | Allocations: 5)
[Webpacker] Everything's up-to-date. Nothing to do
Completed 200 OK in 7ms (Views: 6.3ms | ActiveRecord: 0.0ms | Allocations: 4083)


Started GET "/welcome/nico" for 127.0.0.1 at 2020-10-26 11:17:07 +0100
Processing by LandingPageController#welcome as HTML
  Parameters: {"first_name"=>"nico"}
  Rendering landing_page/welcome.html.erb within layouts/application
  Rendered landing_page/welcome.html.erb within layouts/application (Duration: 0.0ms | Allocations: 5)
[Webpacker] Everything's up-to-date. Nothing to do
Completed 200 OK in 8ms (Views: 7.7ms | ActiveRecord: 0.0ms | Allocations: 3961)


Started GET "/welcome/nico" for 127.0.0.1 at 2020-10-26 11:17:10 +0100
Processing by LandingPageController#welcome as HTML
  Parameters: {"first_name"=>"nico"}
  Rendering landing_page/welcome.html.erb within layouts/application
  Rendered landing_page/welcome.html.erb within layouts/application (Duration: 0.0ms | Allocations: 4)
[Webpacker] Everything's up-to-date. Nothing to do
Completed 200 OK in 8ms (Views: 7.7ms | ActiveRecord: 0.0ms | Allocations: 3962)


Started GET "/welcome/nico" for 127.0.0.1 at 2020-10-26 11:17:19 +0100
Processing by LandingPageController#welcome as HTML
  Parameters: {"first_name"=>"nico"}
  Rendering landing_page/welcome.html.erb within layouts/application
  Rendered landing_page/welcome.html.erb within layouts/application (Duration: 212.9ms | Allocations: 124976)
Completed 500 Internal Server Error in 215ms (ActiveRecord: 0.0ms | Allocations: 126174)


  
ActionView::Template::Error (undefined local variable or method `name' for #<#<Class:0x00007fb74a1d60b0>:0x00007fb74a1cdfa0>
Did you mean?  @name):
    1: <h1>LandingPage#welcome</h1>
    2: <p>Find me in app/views/landing_page/welcome.html.erb</p>
    3: <%= name%>
  
app/views/landing_page/welcome.html.erb:3
Started GET "/welcome/nico" for ::1 at 2020-10-26 11:18:41 +0100
Processing by LandingPageController#welcome as HTML
  Parameters: {"first_name"=>"nico"}
  Rendering landing_page/welcome.html.erb within layouts/application
  Rendered landing_page/welcome.html.erb within layouts/application (Duration: 181.7ms | Allocations: 124542)
Completed 500 Internal Server Error in 183ms (ActiveRecord: 0.0ms | Allocations: 125174)


  
ActionView::Template::Error (undefined local variable or method `name' for #<#<Class:0x00007fb7473d69d0>:0x00007fb7473c4af0>
Did you mean?  @name):
    1: <h1>LandingPage#welcome</h1>
    2: <p>Find me in app/views/landing_page/welcome.html.erb</p>
    3: <%= name%>
  
app/views/landing_page/welcome.html.erb:3
Started GET "/welcome/nico" for ::1 at 2020-10-26 11:18:57 +0100
Processing by LandingPageController#welcome as HTML
  Parameters: {"first_name"=>"nico"}
  Rendering landing_page/welcome.html.erb within layouts/application
  Rendered landing_page/welcome.html.erb within layouts/application (Duration: 1.1ms | Allocations: 74)
[Webpacker] Everything's up-to-date. Nothing to do
Completed 200 OK in 11ms (Views: 10.3ms | ActiveRecord: 0.0ms | Allocations: 4982)


Started GET "/welcome/nico" for 127.0.0.1 at 2020-10-26 11:19:34 +0100
Processing by LandingPageController#welcome as HTML
  Parameters: {"first_name"=>"nico"}
  Rendering landing_page/welcome.html.erb within layouts/application
  Rendered landing_page/welcome.html.erb within layouts/application (Duration: 1.1ms | Allocations: 93)
[Webpacker] Everything's up-to-date. Nothing to do
Completed 200 OK in 11ms (Views: 9.8ms | ActiveRecord: 0.0ms | Allocations: 4962)


Started GET "/welcome/nico" for 127.0.0.1 at 2020-10-26 11:19:57 +0100
Processing by LandingPageController#welcome as HTML
  Parameters: {"first_name"=>"nico"}
  Rendering landing_page/welcome.html.erb within layouts/application
  Rendered landing_page/welcome.html.erb within layouts/application (Duration: 1.0ms | Allocations: 92)
[Webpacker] Everything's up-to-date. Nothing to do
Completed 200 OK in 10ms (Views: 9.6ms | ActiveRecord: 0.0ms | Allocations: 4940)


Started GET "/welcome/nico" for 127.0.0.1 at 2020-10-26 11:20:51 +0100
Processing by LandingPageController#welcome as HTML
  Parameters: {"first_name"=>"nico"}
  Rendering landing_page/welcome.html.erb within layouts/application
  Rendered landing_page/welcome.html.erb within layouts/application (Duration: 1.5ms | Allocations: 113)
[Webpacker] Everything's up-to-date. Nothing to do
Completed 200 OK in 13ms (Views: 11.8ms | ActiveRecord: 0.0ms | Allocations: 4988)


Started GET "/welcome/nico" for 127.0.0.1 at 2020-10-26 11:21:19 +0100
Processing by LandingPageController#welcome as HTML
  Parameters: {"first_name"=>"nico"}
  Rendering landing_page/welcome.html.erb within layouts/application
  Rendered landing_page/welcome.html.erb within layouts/application (Duration: 1.1ms | Allocations: 114)
[Webpacker] Everything's up-to-date. Nothing to do
Completed 200 OK in 11ms (Views: 9.9ms | ActiveRecord: 0.0ms | Allocations: 4972)


Started GET "/team" for 127.0.0.1 at 2020-10-26 11:21:37 +0100
Processing by TeamController#team as HTML
  Rendering team/team.html.erb within layouts/application
  Rendered team/team.html.erb within layouts/application (Duration: 0.3ms | Allocations: 102)
[Webpacker] Everything's up-to-date. Nothing to do
Completed 200 OK in 10ms (Views: 9.3ms | ActiveRecord: 0.0ms | Allocations: 4549)


Started GET "/contact" for 127.0.0.1 at 2020-10-26 11:21:38 +0100
Processing by ContactController#contact as HTML
  Rendering contact/contact.html.erb within layouts/application
  Rendered contact/contact.html.erb within layouts/application (Duration: 0.4ms | Allocations: 96)
[Webpacker] Everything's up-to-date. Nothing to do
Completed 200 OK in 9ms (Views: 8.0ms | ActiveRecord: 0.0ms | Allocations: 4596)


Started GET "/team" for 127.0.0.1 at 2020-10-26 11:21:39 +0100
Processing by TeamController#team as HTML
  Rendering team/team.html.erb within layouts/application
  Rendered team/team.html.erb within layouts/application (Duration: 0.0ms | Allocations: 4)
[Webpacker] Everything's up-to-date. Nothing to do
Completed 200 OK in 9ms (Views: 8.1ms | ActiveRecord: 0.0ms | Allocations: 3947)


Started GET "/contact" for 127.0.0.1 at 2020-10-26 11:21:39 +0100
Processing by ContactController#contact as HTML
  Rendering contact/contact.html.erb within layouts/application
  Rendered contact/contact.html.erb within layouts/application (Duration: 0.0ms | Allocations: 4)
[Webpacker] Everything's up-to-date. Nothing to do
Completed 200 OK in 10ms (Views: 9.3ms | ActiveRecord: 0.0ms | Allocations: 3936)


Started GET "/team" for 127.0.0.1 at 2020-10-26 11:21:40 +0100
Processing by TeamController#team as HTML
  Rendering team/team.html.erb within layouts/application
  Rendered team/team.html.erb within layouts/application (Duration: 0.0ms | Allocations: 4)
[Webpacker] Everything's up-to-date. Nothing to do
Completed 200 OK in 7ms (Views: 6.6ms | ActiveRecord: 0.0ms | Allocations: 3940)


Started GET "/contact" for 127.0.0.1 at 2020-10-26 11:21:40 +0100
Processing by ContactController#contact as HTML
  Rendering contact/contact.html.erb within layouts/application
  Rendered contact/contact.html.erb within layouts/application (Duration: 0.0ms | Allocations: 4)
[Webpacker] Everything's up-to-date. Nothing to do
Completed 200 OK in 7ms (Views: 6.7ms | ActiveRecord: 0.0ms | Allocations: 3941)


Started GET "/team" for 127.0.0.1 at 2020-10-26 11:21:40 +0100
Processing by TeamController#team as HTML
  Rendering team/team.html.erb within layouts/application
  Rendered team/team.html.erb within layouts/application (Duration: 0.0ms | Allocations: 4)
[Webpacker] Everything's up-to-date. Nothing to do
Completed 200 OK in 8ms (Views: 7.2ms | ActiveRecord: 0.0ms | Allocations: 3959)


  [1m[35m (0.1ms)[0m  [1m[34mSELECT pg_try_advisory_lock(4833031731104927805)[0m
  [1m[35m (1.2ms)[0m  [1m[34mSELECT "schema_migrations"."version" FROM "schema_migrations" ORDER BY "schema_migrations"."version" ASC[0m
Migrating to CreateUsers (20201026103159)
  [1m[35m (0.1ms)[0m  [1m[35mBEGIN[0m
  [1m[35m (8.2ms)[0m  [1m[35mCREATE TABLE "users" ("id" bigserial primary key, "first_name" character varying, "last_name" character varying, "description" text, "email" character varying, "age" integer, "city_id" bigint, "created_at" timestamp(6) NOT NULL, "updated_at" timestamp(6) NOT NULL)[0m
  [1m[35m (0.7ms)[0m  [1m[35mCREATE  INDEX  "index_users_on_city_id" ON "users"  ("city_id")[0m
  [1m[36mprimary::SchemaMigration Create (0.5ms)[0m  [1m[32mINSERT INTO "schema_migrations" ("version") VALUES ($1) RETURNING "version"[0m  [["version", "20201026103159"]]
  [1m[35m (1.0ms)[0m  [1m[35mCOMMIT[0m
Migrating to CreateCities (20201026103243)
  [1m[35m (0.2ms)[0m  [1m[35mBEGIN[0m
  [1m[35m (3.5ms)[0m  [1m[35mCREATE TABLE "cities" ("id" bigserial primary key, "name" character varying, "zip_code" character varying, "created_at" timestamp(6) NOT NULL, "updated_at" timestamp(6) NOT NULL)[0m
  [1m[36mprimary::SchemaMigration Create (0.2ms)[0m  [1m[32mINSERT INTO "schema_migrations" ("version") VALUES ($1) RETURNING "version"[0m  [["version", "20201026103243"]]
  [1m[35m (0.3ms)[0m  [1m[35mCOMMIT[0m
  [1m[36mActiveRecord::InternalMetadata Load (0.3ms)[0m  [1m[34mSELECT "ar_internal_metadata".* FROM "ar_internal_metadata" WHERE "ar_internal_metadata"."key" = $1 LIMIT $2[0m  [["key", "environment"], ["LIMIT", 1]]
  [1m[35m (0.2ms)[0m  [1m[34mSELECT pg_advisory_unlock(4833031731104927805)[0m
  [1m[35m (0.6ms)[0m  [1m[34mSELECT "schema_migrations"."version" FROM "schema_migrations" ORDER BY "schema_migrations"."version" ASC[0m
